<?xml version="1.0" encoding="UTF-8"?>
<testng-results ignored="0" total="1" passed="1" failed="0" skipped="0">
  <reporter-output>
  </reporter-output>
  <suite started-at="2023-07-06T11:22:27 IST" name="Default suite" finished-at="2023-07-06T11:22:27 IST" duration-ms="40">
    <groups>
    </groups>
    <test started-at="2023-07-06T11:22:27 IST" name="Default test" finished-at="2023-07-06T11:22:27 IST" duration-ms="40">
      <class name="samplescripts.Test1Test">
        <test-method signature="t1()[pri:0, instance:samplescripts.Test1Test@43301423]" started-at="2023-07-06T11:22:27 IST" name="t1" finished-at="2023-07-06T11:22:27 IST" duration-ms="10" status="PASS">
          <reporter-output>
          </reporter-output>
        </test-method> <!-- t1 -->
      </class> <!-- samplescripts.Test1Test -->
    </test> <!-- Default test -->
  </suite> <!-- Default suite -->
</testng-results>
